Build started 2012/10/29 23:54:23.
     1>Project "I:\MyProjects\workplace\UpdateTest\tinyxml_2_6_2\tinyxml\tinyxml_lib.vcxproj" on node 2 (build target(s)).
     1>InitializeBuildStatus:
         Creating "I:\MyProjects\workplace\UpdateTest\tinyxml_2_6_2\tinyxml\Debugtinyxml\tinyxml.unsuccessfulbuild" because "AlwaysCreate" was specified.
       ClCompile:
         C:\Program Files\Microsoft Visual Studio 10.0\VC\bin\CL.exe /c /ZI /nologo /W4 /WX- /Od /Oy- /D WIN32 /D _DEBUG /D _LIB /D _VC80_UPGRADE=0x0600 /D _MBCS /Gm /EHsc /RTC1 /MTd /GS /fp:precise /Zc:wchar_t /Zc:forScope /Fo"I:\MyProjects\workplace\UpdateTest\tinyxml_2_6_2\tinyxml\Debugtinyxml\\" /Fd"I:\MyProjects\workplace\UpdateTest\tinyxml_2_6_2\tinyxml\Debugtinyxml\vc100.pdb" /FR"I:\MyProjects\workplace\UpdateTest\tinyxml_2_6_2\tinyxml\Debugtinyxml\\" /Gd /TP /analyze- /errorReport:prompt tinystr.cpp tinyxml.cpp tinyxmlerror.cpp tinyxmlparser.cpp
         tinyxmlparser.cpp
         tinyxmlerror.cpp
         tinyxml.cpp
         tinystr.cpp
         Generating Code...
       Lib:
         C:\Program Files\Microsoft Visual Studio 10.0\VC\bin\Lib.exe /OUT:"I:\MyProjects\workplace\UpdateTest\tinyxml_2_6_2\tinyxml\Debugtinyxml\tinyxml.lib" /NOLOGO I:\MyProjects\workplace\UpdateTest\tinyxml_2_6_2\tinyxml\Debugtinyxml\tinystr.obj
         I:\MyProjects\workplace\UpdateTest\tinyxml_2_6_2\tinyxml\Debugtinyxml\tinyxml.obj
         I:\MyProjects\workplace\UpdateTest\tinyxml_2_6_2\tinyxml\Debugtinyxml\tinyxmlerror.obj
         I:\MyProjects\workplace\UpdateTest\tinyxml_2_6_2\tinyxml\Debugtinyxml\tinyxmlparser.obj
         tinyxml_lib.vcxproj -> I:\MyProjects\workplace\UpdateTest\tinyxml_2_6_2\tinyxml\Debugtinyxml\tinyxml.lib
       BscMake:
         C:\Program Files\Microsoft Visual Studio 10.0\VC\bin\bscmake.exe /nologo /o"I:\MyProjects\workplace\UpdateTest\tinyxml_2_6_2\tinyxml\Debugtinyxml\tinyxml.bsc" I:\MyProjects\workplace\UpdateTest\tinyxml_2_6_2\tinyxml\Debugtinyxml\tinystr.sbr I:\MyProjects\workplace\UpdateTest\tinyxml_2_6_2\tinyxml\Debugtinyxml\tinyxml.sbr I:\MyProjects\workplace\UpdateTest\tinyxml_2_6_2\tinyxml\Debugtinyxml\tinyxmlerror.sbr I:\MyProjects\workplace\UpdateTest\tinyxml_2_6_2\tinyxml\Debugtinyxml\tinyxmlparser.sbr
       FinalizeBuildStatus:
         Deleting file "I:\MyProjects\workplace\UpdateTest\tinyxml_2_6_2\tinyxml\Debugtinyxml\tinyxml.unsuccessfulbuild".
         Touching "I:\MyProjects\workplace\UpdateTest\tinyxml_2_6_2\tinyxml\Debugtinyxml\tinyxml.lastbuildstate".
     1>Done Building Project "I:\MyProjects\workplace\UpdateTest\tinyxml_2_6_2\tinyxml\tinyxml_lib.vcxproj" (build target(s)).

Build succeeded.

Time Elapsed 00:00:03.19
