Build started 2012/10/29 23:42:58.
     1>Project "I:\MyProjects\workplace\UpdateTest\tinyxml_2_6_2\tinyxml\tinyxmlSTL.vcxproj" on node 2 (rebuild target(s)).
     1>InitializeBuildStatus:
         Creating "I:\MyProjects\workplace\UpdateTest\tinyxml_2_6_2\tinyxml\DebugtinyxmlSTL\tinyxmlSTL.unsuccessfulbuild" because "AlwaysCreate" was specified.
       ClCompile:
         C:\Program Files\Microsoft Visual Studio 10.0\VC\bin\CL.exe /c /ZI /nologo /W4 /WX- /Od /Oy- /D WIN32 /D _DEBUG /D _LIB /D TIXML_USE_STL /D _VC80_UPGRADE=0x0600 /D _MBCS /Gm /EHsc /RTC1 /MTd /GS /fp:precise /Zc:wchar_t /Zc:forScope /Fo"I:\MyProjects\workplace\UpdateTest\tinyxml_2_6_2\tinyxml\DebugtinyxmlSTL\\" /Fd"I:\MyProjects\workplace\UpdateTest\tinyxml_2_6_2\tinyxml\DebugtinyxmlSTL\vc100.pdb" /FR"I:\MyProjects\workplace\UpdateTest\tinyxml_2_6_2\tinyxml\DebugtinyxmlSTL\\" /Gd /TP /analyze- /errorReport:prompt tinystr.cpp tinyxml.cpp tinyxmlerror.cpp tinyxmlparser.cpp
         tinyxmlparser.cpp
         tinyxmlerror.cpp
         tinyxml.cpp
         tinystr.cpp
         Generating Code...
       Lib:
         C:\Program Files\Microsoft Visual Studio 10.0\VC\bin\Lib.exe /OUT:"I:\MyProjects\workplace\UpdateTest\tinyxml_2_6_2\tinyxml\DebugtinyxmlSTL\tinyxmlSTL.lib" /NOLOGO I:\MyProjects\workplace\UpdateTest\tinyxml_2_6_2\tinyxml\DebugtinyxmlSTL\tinystr.obj
         I:\MyProjects\workplace\UpdateTest\tinyxml_2_6_2\tinyxml\DebugtinyxmlSTL\tinyxml.obj
         I:\MyProjects\workplace\UpdateTest\tinyxml_2_6_2\tinyxml\DebugtinyxmlSTL\tinyxmlerror.obj
         I:\MyProjects\workplace\UpdateTest\tinyxml_2_6_2\tinyxml\DebugtinyxmlSTL\tinyxmlparser.obj
         tinyxmlSTL.vcxproj -> I:\MyProjects\workplace\UpdateTest\tinyxml_2_6_2\tinyxml\DebugtinyxmlSTL\tinyxmlSTL.lib
       BscMake:
         C:\Program Files\Microsoft Visual Studio 10.0\VC\bin\bscmake.exe /nologo /o"I:\MyProjects\workplace\UpdateTest\tinyxml_2_6_2\tinyxml\DebugtinyxmlSTL\tinyxmlSTL.bsc" I:\MyProjects\workplace\UpdateTest\tinyxml_2_6_2\tinyxml\DebugtinyxmlSTL\tinystr.sbr I:\MyProjects\workplace\UpdateTest\tinyxml_2_6_2\tinyxml\DebugtinyxmlSTL\tinyxml.sbr I:\MyProjects\workplace\UpdateTest\tinyxml_2_6_2\tinyxml\DebugtinyxmlSTL\tinyxmlerror.sbr I:\MyProjects\workplace\UpdateTest\tinyxml_2_6_2\tinyxml\DebugtinyxmlSTL\tinyxmlparser.sbr
       FinalizeBuildStatus:
         Deleting file "I:\MyProjects\workplace\UpdateTest\tinyxml_2_6_2\tinyxml\DebugtinyxmlSTL\tinyxmlSTL.unsuccessfulbuild".
         Touching "I:\MyProjects\workplace\UpdateTest\tinyxml_2_6_2\tinyxml\DebugtinyxmlSTL\tinyxmlSTL.lastbuildstate".
     1>Done Building Project "I:\MyProjects\workplace\UpdateTest\tinyxml_2_6_2\tinyxml\tinyxmlSTL.vcxproj" (rebuild target(s)).

Build succeeded.

Time Elapsed 00:00:06.42
