Build started 2012/10/30 0:06:26.
     1>Project "I:\MyProjects\workplace\UpdateTest\tinyxml_2_6_2\etstdlg\etstdlg.vcxproj" on node 2 (build target(s)).
     1>InitializeBuildStatus:
         Touching "Debug\etstdlg.unsuccessfulbuild".
       ClCompile:
         All outputs are up-to-date.
         C:\Program Files\Microsoft Visual Studio 10.0\VC\bin\CL.exe /c /ZI /nologo /W3 /WX- /Od /Oy- /D WIN32 /D _WINDOWS /D _DEBUG /D _UNICODE /D UNICODE /D TIXML_USE_STL /Gm /EHsc /RTC1 /MTd /GS /fp:precise /Zc:wchar_t /Zc:forScope /Yc"StdAfx.h" /Fp"Debug\etstdlg.pch" /Fo"Debug\\" /Fd"Debug\vc100.pdb" /Gd /TP /analyze- /errorReport:prompt stdafx.cpp
         stdafx.cpp
         C:\Program Files\Microsoft Visual Studio 10.0\VC\bin\CL.exe /c /ZI /nologo /W3 /WX- /Od /Oy- /D WIN32 /D _WINDOWS /D _DEBUG /D _UNICODE /D UNICODE /D TIXML_USE_STL /Gm /EHsc /RTC1 /MTd /GS /fp:precise /Zc:wchar_t /Zc:forScope /Yu"StdAfx.h" /Fp"Debug\etstdlg.pch" /Fo"Debug\\" /Fd"Debug\vc100.pdb" /Gd /TP /analyze- /errorReport:prompt etstdlg.cpp etstdlgDlg.cpp
         etstdlgDlg.cpp
         etstdlg.cpp
         Generating Code...
       ResourceCompile:
         All outputs are up-to-date.
       ManifestResourceCompile:
         All outputs are up-to-date.
       Link:
         C:\Program Files\Microsoft Visual Studio 10.0\VC\bin\link.exe /ERRORREPORT:PROMPT /OUT:"I:\MyProjects\workplace\UpdateTest\tinyxml_2_6_2\tinyxml\Debug\etstdlg.exe" /INCREMENTAL /NOLOGO /MANIFEST /ManifestFile:"Debug\etstdlg.exe.intermediate.manifest" /MANIFESTUAC:"level='asInvoker' uiAccess='false'" /DEBUG /PDB:"I:\MyProjects\workplace\UpdateTest\tinyxml_2_6_2\tinyxml\Debug\etstdlg.pdb" /SUBSYSTEM:WINDOWS /TLBID:1 /ENTRY:"wWinMainCRTStartup" /DYNAMICBASE /NXCOMPAT /IMPLIB:"I:\MyProjects\workplace\UpdateTest\tinyxml_2_6_2\tinyxml\Debug\etstdlg.lib" /MACHINE:X86 Debug\etstdlg.res
         Debug\etstdlg.exe.embed.manifest.res
         Debug\etstdlg.obj
         Debug\etstdlgDlg.obj
         Debug\stdafx.obj
       Manifest:
         C:\Program Files\Microsoft SDKs\Windows\v7.0A\bin\mt.exe /nologo /verbose /out:"Debug\etstdlg.exe.embed.manifest" /manifest Debug\etstdlg.exe.intermediate.manifest "C:\Program Files\Microsoft Visual Studio 10.0\VC\Include\Manifest\dpiaware.manifest"
         All outputs are up-to-date.
       LinkEmbedManifest:
         All outputs are up-to-date.
         etstdlg.vcxproj -> I:\MyProjects\workplace\UpdateTest\tinyxml_2_6_2\tinyxml\Debug\etstdlg.exe
       FinalizeBuildStatus:
         Deleting file "Debug\etstdlg.unsuccessfulbuild".
         Touching "Debug\etstdlg.lastbuildstate".
     1>Done Building Project "I:\MyProjects\workplace\UpdateTest\tinyxml_2_6_2\etstdlg\etstdlg.vcxproj" (build target(s)).

Build succeeded.

Time Elapsed 00:00:13.72
